20/09/2014 09:46:50.695 - GameLog] - [FINE] - A new game is starting
20/09/2014 09:46:51.266 - ResponseLog] - [FINE] - human responded with move SAME_DIRECTION for turn 1
20/09/2014 09:46:51.266 - ResponseLog] - [FINE] - 0 (3, 17) wants to move RIGHT
20/09/2014 09:46:51.268 - ResponseLog] - [FINE] - MyPlayer responded with move MOVE_UP for turn 1
20/09/2014 09:46:51.268 - ResponseLog] - [FINE] - 1 (31, 17) wants to move UP
20/09/2014 09:46:51.660 - ResponseLog] - [FINE] - human responded with move SAME_DIRECTION for turn 2
20/09/2014 09:46:51.661 - ResponseLog] - [FINE] - 0 (4, 17) wants to move RIGHT
20/09/2014 09:46:51.662 - ResponseLog] - [FINE] - MyPlayer responded with move MOVE_UP for turn 2
20/09/2014 09:46:51.663 - ResponseLog] - [FINE] - 1 (31, 16) wants to move UP
20/09/2014 09:46:51.912 - ResponseLog] - [FINE] - human responded with move SAME_DIRECTION for turn 3
20/09/2014 09:46:51.913 - ResponseLog] - [FINE] - 0 (5, 17) wants to move RIGHT
20/09/2014 09:46:51.914 - ResponseLog] - [FINE] - MyPlayer responded with move MOVE_UP for turn 3
20/09/2014 09:46:51.916 - ResponseLog] - [FINE] - 1 (31, 15) wants to move UP
20/09/2014 09:46:52.145 - ResponseLog] - [FINE] - human responded with move SAME_DIRECTION for turn 4
20/09/2014 09:46:52.146 - ResponseLog] - [FINE] - 0 (6, 17) wants to move RIGHT
20/09/2014 09:46:52.147 - ResponseLog] - [FINE] - MyPlayer responded with move MOVE_UP for turn 4
20/09/2014 09:46:52.148 - ResponseLog] - [FINE] - 1 (31, 14) wants to move UP
20/09/2014 09:46:52.333 - ResponseLog] - [FINE] - human responded with move SAME_DIRECTION for turn 5
20/09/2014 09:46:52.334 - ResponseLog] - [FINE] - 0 (7, 17) wants to move RIGHT
20/09/2014 09:46:52.335 - ResponseLog] - [FINE] - MyPlayer responded with move MOVE_UP for turn 5
20/09/2014 09:46:52.335 - ResponseLog] - [FINE] - 1 (31, 13) wants to move UP
20/09/2014 09:46:52.521 - ResponseLog] - [FINE] - human responded with move SAME_DIRECTION for turn 6
20/09/2014 09:46:52.522 - ResponseLog] - [FINE] - 0 (8, 17) wants to move RIGHT
20/09/2014 09:46:52.523 - ResponseLog] - [FINE] - MyPlayer responded with move MOVE_UP for turn 6
20/09/2014 09:46:52.523 - ResponseLog] - [FINE] - 1 (31, 12) wants to move UP
20/09/2014 09:46:52.761 - ResponseLog] - [FINE] - human responded with move SAME_DIRECTION for turn 7
20/09/2014 09:46:52.763 - ResponseLog] - [FINE] - 0 (9, 17) wants to move RIGHT
20/09/2014 09:46:52.763 - ResponseLog] - [FINE] - MyPlayer responded with move MOVE_UP for turn 7
20/09/2014 09:46:52.764 - ResponseLog] - [FINE] - 1 (31, 11) wants to move UP
20/09/2014 09:46:53.186 - ResponseLog] - [FINE] - human responded with move SAME_DIRECTION for turn 8
20/09/2014 09:46:53.186 - ResponseLog] - [FINE] - 0 (10, 17) wants to move RIGHT
20/09/2014 09:46:53.187 - ResponseLog] - [FINE] - MyPlayer responded with move MOVE_UP for turn 8
20/09/2014 09:46:53.188 - ResponseLog] - [FINE] - 1 (31, 10) wants to move UP
20/09/2014 09:46:53.398 - ResponseLog] - [FINE] - human responded with move SAME_DIRECTION for turn 9
20/09/2014 09:46:53.400 - ResponseLog] - [FINE] - 0 (11, 17) wants to move RIGHT
20/09/2014 09:46:53.400 - ResponseLog] - [FINE] - MyPlayer responded with move MOVE_UP for turn 9
20/09/2014 09:46:53.401 - ResponseLog] - [FINE] - 1 (31, 9) wants to move UP
20/09/2014 09:46:53.617 - ResponseLog] - [FINE] - human responded with move SAME_DIRECTION for turn 10
20/09/2014 09:46:53.618 - ResponseLog] - [FINE] - 0 (12, 17) wants to move RIGHT
20/09/2014 09:46:53.623 - ResponseLog] - [FINE] - MyPlayer responded with move MOVE_UP for turn 10
20/09/2014 09:46:53.624 - ResponseLog] - [FINE] - 1 (31, 8) wants to move UP
20/09/2014 09:46:53.789 - ResponseLog] - [FINE] - human responded with move SAME_DIRECTION for turn 11
20/09/2014 09:46:53.789 - ResponseLog] - [FINE] - 0 (13, 17) wants to move RIGHT
20/09/2014 09:46:53.790 - ResponseLog] - [FINE] - MyPlayer responded with move MOVE_UP for turn 11
20/09/2014 09:46:53.791 - ResponseLog] - [FINE] - 1 (31, 7) wants to move UP
20/09/2014 09:46:53.992 - ResponseLog] - [FINE] - human responded with move SAME_DIRECTION for turn 12
20/09/2014 09:46:53.993 - ResponseLog] - [FINE] - 0 (14, 17) wants to move RIGHT
20/09/2014 09:46:53.993 - ResponseLog] - [FINE] - MyPlayer responded with move MOVE_UP for turn 12
20/09/2014 09:46:53.994 - ResponseLog] - [FINE] - 1 (31, 6) wants to move UP
20/09/2014 09:46:54.115 - ResponseLog] - [FINE] - human responded with move SAME_DIRECTION for turn 13
20/09/2014 09:46:54.116 - ResponseLog] - [FINE] - 0 (15, 17) wants to move RIGHT
20/09/2014 09:46:54.116 - ResponseLog] - [FINE] - MyPlayer responded with move MOVE_UP for turn 13
20/09/2014 09:46:54.116 - ResponseLog] - [FINE] - 1 (31, 5) wants to move UP
20/09/2014 09:46:54.299 - ResponseLog] - [FINE] - human responded with move SAME_DIRECTION for turn 14
20/09/2014 09:46:54.300 - ResponseLog] - [FINE] - 0 (16, 17) wants to move RIGHT
20/09/2014 09:46:54.301 - ResponseLog] - [FINE] - MyPlayer responded with move MOVE_UP for turn 14
20/09/2014 09:46:54.302 - ResponseLog] - [FINE] - 1 (31, 4) wants to move UP
20/09/2014 09:46:54.417 - ResponseLog] - [FINE] - human responded with move SAME_DIRECTION for turn 15
20/09/2014 09:46:54.418 - ResponseLog] - [FINE] - 0 (17, 17) wants to move RIGHT
20/09/2014 09:46:54.418 - ResponseLog] - [FINE] - MyPlayer responded with move MOVE_UP for turn 15
20/09/2014 09:46:54.419 - ResponseLog] - [FINE] - 1 (31, 3) wants to move UP
20/09/2014 09:46:54.554 - ResponseLog] - [FINE] - human responded with move SAME_DIRECTION for turn 16
20/09/2014 09:46:54.554 - ResponseLog] - [FINE] - 0 (18, 17) wants to move RIGHT
20/09/2014 09:46:54.555 - ResponseLog] - [FINE] - MyPlayer responded with move MOVE_UP for turn 16
20/09/2014 09:46:54.556 - ResponseLog] - [FINE] - 1 (31, 2) wants to move UP
20/09/2014 09:46:54.670 - ResponseLog] - [FINE] - human responded with move SAME_DIRECTION for turn 17
20/09/2014 09:46:54.671 - ResponseLog] - [FINE] - 0 (19, 17) wants to move RIGHT
20/09/2014 09:46:54.671 - ResponseLog] - [FINE] - MyPlayer responded with move MOVE_LEFT for turn 17
20/09/2014 09:46:54.671 - ResponseLog] - [FINE] - 1 (31, 1) wants to move LEFT
20/09/2014 09:46:54.815 - ResponseLog] - [FINE] - human responded with move SAME_DIRECTION for turn 18
20/09/2014 09:46:54.816 - ResponseLog] - [FINE] - 0 (20, 17) wants to move RIGHT
20/09/2014 09:46:54.816 - ResponseLog] - [FINE] - MyPlayer responded with move MOVE_LEFT for turn 18
20/09/2014 09:46:54.817 - ResponseLog] - [FINE] - 1 (30, 1) wants to move LEFT
20/09/2014 09:46:55.021 - ResponseLog] - [FINE] - human responded with move SAME_DIRECTION for turn 19
20/09/2014 09:46:55.021 - ResponseLog] - [FINE] - 0 (21, 17) wants to move RIGHT
20/09/2014 09:46:55.022 - ResponseLog] - [FINE] - MyPlayer responded with move MOVE_LEFT for turn 19
20/09/2014 09:46:55.023 - ResponseLog] - [FINE] - 1 (29, 1) wants to move LEFT
20/09/2014 09:46:55.209 - ResponseLog] - [FINE] - human responded with move SAME_DIRECTION for turn 20
20/09/2014 09:46:55.209 - ResponseLog] - [FINE] - 0 (22, 17) wants to move RIGHT
20/09/2014 09:46:55.210 - ResponseLog] - [FINE] - MyPlayer responded with move MOVE_LEFT for turn 20
20/09/2014 09:46:55.210 - ResponseLog] - [FINE] - 1 (28, 1) wants to move LEFT
20/09/2014 09:46:55.388 - ResponseLog] - [FINE] - human responded with move SAME_DIRECTION for turn 21
20/09/2014 09:46:55.388 - ResponseLog] - [FINE] - 0 (23, 17) wants to move RIGHT
20/09/2014 09:46:55.389 - ResponseLog] - [FINE] - MyPlayer responded with move MOVE_LEFT for turn 21
20/09/2014 09:46:55.389 - ResponseLog] - [FINE] - 1 (27, 1) wants to move LEFT
20/09/2014 09:46:55.603 - ResponseLog] - [FINE] - human responded with move SAME_DIRECTION for turn 22
20/09/2014 09:46:55.604 - ResponseLog] - [FINE] - 0 (24, 17) wants to move RIGHT
20/09/2014 09:46:55.604 - ResponseLog] - [FINE] - MyPlayer responded with move MOVE_LEFT for turn 22
20/09/2014 09:46:55.605 - ResponseLog] - [FINE] - 1 (26, 1) wants to move LEFT
20/09/2014 09:46:55.762 - ResponseLog] - [FINE] - human responded with move SAME_DIRECTION for turn 23
20/09/2014 09:46:55.763 - ResponseLog] - [FINE] - 0 (25, 17) wants to move RIGHT
20/09/2014 09:46:55.764 - ResponseLog] - [FINE] - MyPlayer responded with move MOVE_LEFT for turn 23
20/09/2014 09:46:55.765 - ResponseLog] - [FINE] - 1 (25, 1) wants to move LEFT
20/09/2014 09:46:55.936 - ResponseLog] - [FINE] - human responded with move SAME_DIRECTION for turn 24
20/09/2014 09:46:55.938 - ResponseLog] - [FINE] - 0 (26, 17) wants to move RIGHT
20/09/2014 09:46:55.938 - ResponseLog] - [FINE] - MyPlayer responded with move MOVE_LEFT for turn 24
20/09/2014 09:46:55.939 - ResponseLog] - [FINE] - 1 (24, 1) wants to move LEFT
20/09/2014 09:46:56.246 - ResponseLog] - [FINE] - human responded with move SAME_DIRECTION for turn 25
20/09/2014 09:46:56.248 - ResponseLog] - [FINE] - 0 (27, 17) wants to move RIGHT
20/09/2014 09:46:56.248 - ResponseLog] - [FINE] - MyPlayer responded with move MOVE_LEFT for turn 25
20/09/2014 09:46:56.249 - ResponseLog] - [FINE] - 1 (23, 1) wants to move LEFT
20/09/2014 09:46:56.388 - ResponseLog] - [FINE] - human responded with move MOVE_UP for turn 26
20/09/2014 09:46:56.388 - ResponseLog] - [FINE] - 0 (28, 17) wants to move UP
20/09/2014 09:46:56.389 - ResponseLog] - [FINE] - MyPlayer responded with move MOVE_LEFT for turn 26
20/09/2014 09:46:56.389 - ResponseLog] - [FINE] - 1 (22, 1) wants to move LEFT
20/09/2014 09:46:56.572 - ResponseLog] - [FINE] - human responded with move MOVE_UP for turn 27
20/09/2014 09:46:56.573 - ResponseLog] - [FINE] - 0 (28, 16) wants to move UP
20/09/2014 09:46:56.573 - ResponseLog] - [FINE] - MyPlayer responded with move MOVE_LEFT for turn 27
20/09/2014 09:46:56.574 - ResponseLog] - [FINE] - 1 (21, 1) wants to move LEFT
20/09/2014 09:46:56.740 - ResponseLog] - [FINE] - human responded with move SAME_DIRECTION for turn 28
20/09/2014 09:46:56.740 - ResponseLog] - [FINE] - 0 (28, 15) wants to move UP
20/09/2014 09:46:56.741 - ResponseLog] - [FINE] - MyPlayer responded with move MOVE_LEFT for turn 28
20/09/2014 09:46:56.741 - ResponseLog] - [FINE] - 1 (20, 1) wants to move LEFT
20/09/2014 09:46:56.894 - ResponseLog] - [FINE] - human responded with move SAME_DIRECTION for turn 29
20/09/2014 09:46:56.895 - ResponseLog] - [FINE] - 0 (28, 14) wants to move UP
20/09/2014 09:46:56.896 - ResponseLog] - [FINE] - MyPlayer responded with move MOVE_LEFT for turn 29
20/09/2014 09:46:56.896 - ResponseLog] - [FINE] - 1 (19, 1) wants to move LEFT
20/09/2014 09:46:57.032 - ResponseLog] - [FINE] - human responded with move SAME_DIRECTION for turn 30
20/09/2014 09:46:57.033 - ResponseLog] - [FINE] - 0 (28, 13) wants to move UP
20/09/2014 09:46:57.033 - ResponseLog] - [FINE] - MyPlayer responded with move MOVE_LEFT for turn 30
20/09/2014 09:46:57.034 - ResponseLog] - [FINE] - 1 (18, 1) wants to move LEFT
20/09/2014 09:46:57.199 - ResponseLog] - [FINE] - human responded with move SAME_DIRECTION for turn 31
20/09/2014 09:46:57.199 - ResponseLog] - [FINE] - 0 (28, 12) wants to move UP
20/09/2014 09:46:57.200 - ResponseLog] - [FINE] - MyPlayer responded with move MOVE_LEFT for turn 31
20/09/2014 09:46:57.200 - ResponseLog] - [FINE] - 1 (17, 1) wants to move LEFT
20/09/2014 09:46:57.351 - ResponseLog] - [FINE] - human responded with move SAME_DIRECTION for turn 32
20/09/2014 09:46:57.352 - ResponseLog] - [FINE] - 0 (28, 11) wants to move UP
20/09/2014 09:46:57.352 - ResponseLog] - [FINE] - MyPlayer responded with move MOVE_LEFT for turn 32
20/09/2014 09:46:57.353 - ResponseLog] - [FINE] - 1 (16, 1) wants to move LEFT
20/09/2014 09:46:57.532 - ResponseLog] - [FINE] - human responded with move SAME_DIRECTION for turn 33
20/09/2014 09:46:57.532 - ResponseLog] - [FINE] - 0 (28, 10) wants to move UP
20/09/2014 09:46:57.533 - ResponseLog] - [FINE] - MyPlayer responded with move MOVE_LEFT for turn 33
20/09/2014 09:46:57.533 - ResponseLog] - [FINE] - 1 (15, 1) wants to move LEFT
20/09/2014 09:46:57.685 - ResponseLog] - [FINE] - human responded with move SAME_DIRECTION for turn 34
20/09/2014 09:46:57.685 - ResponseLog] - [FINE] - 0 (28, 9) wants to move UP
20/09/2014 09:46:57.685 - ResponseLog] - [FINE] - MyPlayer responded with move MOVE_LEFT for turn 34
20/09/2014 09:46:57.686 - ResponseLog] - [FINE] - 1 (14, 1) wants to move LEFT
20/09/2014 09:48:08.365 - GameLog] - [FINE] - A new game is starting
20/09/2014 09:48:08.932 - ResponseLog] - [FINE] - human responded with move SAME_DIRECTION for turn 1
20/09/2014 09:48:08.933 - ResponseLog] - [FINE] - 0 (3, 17) wants to move RIGHT
20/09/2014 09:48:08.934 - ResponseLog] - [FINE] - MyPlayer responded with move MOVE_UP for turn 1
20/09/2014 09:48:08.935 - ResponseLog] - [FINE] - 1 (31, 17) wants to move UP
20/09/2014 09:48:09.333 - ResponseLog] - [FINE] - human responded with move SAME_DIRECTION for turn 2
20/09/2014 09:48:09.333 - ResponseLog] - [FINE] - 0 (4, 17) wants to move RIGHT
20/09/2014 09:48:09.334 - ResponseLog] - [FINE] - MyPlayer responded with move MOVE_UP for turn 2
20/09/2014 09:48:09.334 - ResponseLog] - [FINE] - 1 (31, 16) wants to move UP
20/09/2014 09:48:09.510 - ResponseLog] - [FINE] - human responded with move SAME_DIRECTION for turn 3
20/09/2014 09:48:09.512 - ResponseLog] - [FINE] - 0 (5, 17) wants to move RIGHT
20/09/2014 09:48:09.513 - ResponseLog] - [FINE] - MyPlayer responded with move MOVE_UP for turn 3
20/09/2014 09:48:09.514 - ResponseLog] - [FINE] - 1 (31, 15) wants to move UP
20/09/2014 09:48:09.836 - ResponseLog] - [FINE] - human responded with move SAME_DIRECTION for turn 4
20/09/2014 09:48:09.837 - ResponseLog] - [FINE] - 0 (6, 17) wants to move RIGHT
20/09/2014 09:48:09.838 - ResponseLog] - [FINE] - MyPlayer responded with move MOVE_UP for turn 4
20/09/2014 09:48:09.838 - ResponseLog] - [FINE] - 1 (31, 14) wants to move UP
20/09/2014 09:48:09.997 - ResponseLog] - [FINE] - human responded with move SAME_DIRECTION for turn 5
20/09/2014 09:48:09.998 - ResponseLog] - [FINE] - 0 (7, 17) wants to move RIGHT
20/09/2014 09:48:09.998 - ResponseLog] - [FINE] - MyPlayer responded with move MOVE_UP for turn 5
20/09/2014 09:48:09.999 - ResponseLog] - [FINE] - 1 (31, 13) wants to move UP
20/09/2014 09:48:10.205 - ResponseLog] - [FINE] - human responded with move SAME_DIRECTION for turn 6
20/09/2014 09:48:10.205 - ResponseLog] - [FINE] - 0 (8, 17) wants to move RIGHT
20/09/2014 09:48:10.207 - ResponseLog] - [FINE] - MyPlayer responded with move MOVE_UP for turn 6
20/09/2014 09:48:10.208 - ResponseLog] - [FINE] - 1 (31, 12) wants to move UP
20/09/2014 09:48:10.504 - ResponseLog] - [FINE] - human responded with move SAME_DIRECTION for turn 7
20/09/2014 09:48:10.505 - ResponseLog] - [FINE] - 0 (9, 17) wants to move RIGHT
20/09/2014 09:48:10.511 - ResponseLog] - [FINE] - MyPlayer responded with move MOVE_UP for turn 7
20/09/2014 09:48:10.512 - ResponseLog] - [FINE] - 1 (31, 11) wants to move UP
20/09/2014 09:48:10.782 - ResponseLog] - [FINE] - human responded with move SAME_DIRECTION for turn 8
20/09/2014 09:48:10.783 - ResponseLog] - [FINE] - 0 (10, 17) wants to move RIGHT
20/09/2014 09:48:10.783 - ResponseLog] - [FINE] - MyPlayer responded with move MOVE_UP for turn 8
20/09/2014 09:48:10.784 - ResponseLog] - [FINE] - 1 (31, 10) wants to move UP
20/09/2014 09:48:10.903 - ResponseLog] - [FINE] - human responded with move MOVE_UP for turn 9
20/09/2014 09:48:10.903 - ResponseLog] - [FINE] - 0 (11, 17) wants to move UP
20/09/2014 09:48:10.904 - ResponseLog] - [FINE] - MyPlayer responded with move MOVE_UP for turn 9
20/09/2014 09:48:10.904 - ResponseLog] - [FINE] - 1 (31, 9) wants to move UP
20/09/2014 09:48:11.139 - ResponseLog] - [FINE] - human responded with move SAME_DIRECTION for turn 10
20/09/2014 09:48:11.144 - ResponseLog] - [FINE] - 0 (11, 16) wants to move UP
20/09/2014 09:48:11.146 - ResponseLog] - [FINE] - MyPlayer responded with move MOVE_UP for turn 10
20/09/2014 09:48:11.148 - ResponseLog] - [FINE] - 1 (31, 8) wants to move UP
20/09/2014 09:48:11.263 - ResponseLog] - [FINE] - human responded with move SAME_DIRECTION for turn 11
20/09/2014 09:48:11.264 - ResponseLog] - [FINE] - 0 (11, 15) wants to move UP
20/09/2014 09:48:11.264 - ResponseLog] - [FINE] - MyPlayer responded with move MOVE_UP for turn 11
20/09/2014 09:48:11.265 - ResponseLog] - [FINE] - 1 (31, 7) wants to move UP
20/09/2014 09:48:11.401 - ResponseLog] - [FINE] - human responded with move MOVE_LEFT for turn 12
20/09/2014 09:48:11.402 - ResponseLog] - [FINE] - 0 (11, 14) wants to move LEFT
20/09/2014 09:48:11.402 - ResponseLog] - [FINE] - MyPlayer responded with move MOVE_UP for turn 12
20/09/2014 09:48:11.403 - ResponseLog] - [FINE] - 1 (31, 6) wants to move UP
20/09/2014 09:48:11.552 - ResponseLog] - [FINE] - human responded with move SAME_DIRECTION for turn 13
20/09/2014 09:48:11.553 - ResponseLog] - [FINE] - 0 (10, 14) wants to move LEFT
20/09/2014 09:48:11.554 - ResponseLog] - [FINE] - MyPlayer responded with move MOVE_UP for turn 13
20/09/2014 09:48:11.554 - ResponseLog] - [FINE] - 1 (31, 5) wants to move UP
20/09/2014 09:48:11.764 - ResponseLog] - [FINE] - human responded with move SAME_DIRECTION for turn 14
20/09/2014 09:48:11.765 - ResponseLog] - [FINE] - 0 (9, 14) wants to move LEFT
20/09/2014 09:48:11.765 - ResponseLog] - [FINE] - MyPlayer responded with move MOVE_UP for turn 14
20/09/2014 09:48:11.766 - ResponseLog] - [FINE] - 1 (31, 4) wants to move UP
20/09/2014 09:48:11.880 - ResponseLog] - [FINE] - human responded with move SAME_DIRECTION for turn 15
20/09/2014 09:48:11.880 - ResponseLog] - [FINE] - 0 (8, 14) wants to move LEFT
20/09/2014 09:48:11.881 - ResponseLog] - [FINE] - MyPlayer responded with move MOVE_UP for turn 15
20/09/2014 09:48:11.881 - ResponseLog] - [FINE] - 1 (31, 3) wants to move UP
20/09/2014 09:48:12.038 - ResponseLog] - [FINE] - human responded with move SAME_DIRECTION for turn 16
20/09/2014 09:48:12.039 - ResponseLog] - [FINE] - 0 (7, 14) wants to move LEFT
20/09/2014 09:48:12.039 - ResponseLog] - [FINE] - MyPlayer responded with move MOVE_UP for turn 16
20/09/2014 09:48:12.039 - ResponseLog] - [FINE] - 1 (31, 2) wants to move UP
20/09/2014 09:48:12.154 - ResponseLog] - [FINE] - human responded with move SAME_DIRECTION for turn 17
20/09/2014 09:48:12.154 - ResponseLog] - [FINE] - 0 (6, 14) wants to move LEFT
20/09/2014 09:48:12.155 - ResponseLog] - [FINE] - MyPlayer responded with move MOVE_LEFT for turn 17
20/09/2014 09:48:12.156 - ResponseLog] - [FINE] - 1 (31, 1) wants to move LEFT
20/09/2014 09:48:12.290 - ResponseLog] - [FINE] - human responded with move SAME_DIRECTION for turn 18
20/09/2014 09:48:12.291 - ResponseLog] - [FINE] - 0 (5, 14) wants to move LEFT
20/09/2014 09:48:12.291 - ResponseLog] - [FINE] - MyPlayer responded with move MOVE_LEFT for turn 18
20/09/2014 09:48:12.292 - ResponseLog] - [FINE] - 1 (30, 1) wants to move LEFT
20/09/2014 09:48:12.405 - ResponseLog] - [FINE] - human responded with move SAME_DIRECTION for turn 19
20/09/2014 09:48:12.406 - ResponseLog] - [FINE] - 0 (4, 14) wants to move LEFT
20/09/2014 09:48:12.406 - ResponseLog] - [FINE] - MyPlayer responded with move MOVE_LEFT for turn 19
20/09/2014 09:48:12.407 - ResponseLog] - [FINE] - 1 (29, 1) wants to move LEFT
21/09/2014 10:54:32.038 - GameLog] - [FINE] - A new game is starting
21/09/2014 10:54:32.564 - ResponseLog] - [FINE] - human responded with move SAME_DIRECTION for turn 1
21/09/2014 10:54:32.565 - ResponseLog] - [FINE] - 0 (3, 17) wants to move RIGHT
21/09/2014 10:54:32.570 - ResponseLog] - [FINE] - MyPlayer responded with move MOVE_UP for turn 1
21/09/2014 10:54:32.575 - ResponseLog] - [FINE] - 1 (31, 17) wants to move UP
21/09/2014 10:54:32.761 - ResponseLog] - [FINE] - human responded with move SAME_DIRECTION for turn 2
21/09/2014 10:54:32.762 - ResponseLog] - [FINE] - 0 (4, 17) wants to move RIGHT
21/09/2014 10:54:32.767 - ResponseLog] - [FINE] - MyPlayer responded with move MOVE_UP for turn 2
21/09/2014 10:54:32.768 - ResponseLog] - [FINE] - 1 (31, 16) wants to move UP
21/09/2014 10:54:32.938 - ResponseLog] - [FINE] - human responded with move SAME_DIRECTION for turn 3
21/09/2014 10:54:32.938 - ResponseLog] - [FINE] - 0 (5, 17) wants to move RIGHT
21/09/2014 10:54:32.939 - ResponseLog] - [FINE] - MyPlayer responded with move MOVE_UP for turn 3
21/09/2014 10:54:32.940 - ResponseLog] - [FINE] - 1 (31, 15) wants to move UP
21/09/2014 10:54:33.069 - ResponseLog] - [FINE] - human responded with move SAME_DIRECTION for turn 4
21/09/2014 10:54:33.069 - ResponseLog] - [FINE] - 0 (6, 17) wants to move RIGHT
21/09/2014 10:54:33.070 - ResponseLog] - [FINE] - MyPlayer responded with move MOVE_UP for turn 4
21/09/2014 10:54:33.070 - ResponseLog] - [FINE] - 1 (31, 14) wants to move UP
21/09/2014 10:54:33.204 - ResponseLog] - [FINE] - human responded with move SAME_DIRECTION for turn 5
21/09/2014 10:54:33.204 - ResponseLog] - [FINE] - 0 (7, 17) wants to move RIGHT
21/09/2014 10:54:33.205 - ResponseLog] - [FINE] - MyPlayer responded with move MOVE_UP for turn 5
21/09/2014 10:54:33.206 - ResponseLog] - [FINE] - 1 (31, 13) wants to move UP
21/09/2014 10:54:33.329 - ResponseLog] - [FINE] - human responded with move SAME_DIRECTION for turn 6
21/09/2014 10:54:33.329 - ResponseLog] - [FINE] - 0 (8, 17) wants to move RIGHT
21/09/2014 10:54:33.330 - ResponseLog] - [FINE] - MyPlayer responded with move MOVE_UP for turn 6
21/09/2014 10:54:33.330 - ResponseLog] - [FINE] - 1 (31, 12) wants to move UP
21/09/2014 10:54:33.450 - ResponseLog] - [FINE] - human responded with move SAME_DIRECTION for turn 7
21/09/2014 10:54:33.451 - ResponseLog] - [FINE] - 0 (9, 17) wants to move RIGHT
21/09/2014 10:54:33.452 - ResponseLog] - [FINE] - MyPlayer responded with move MOVE_UP for turn 7
21/09/2014 10:54:33.452 - ResponseLog] - [FINE] - 1 (31, 11) wants to move UP
21/09/2014 10:54:33.573 - ResponseLog] - [FINE] - human responded with move SAME_DIRECTION for turn 8
21/09/2014 10:54:33.575 - ResponseLog] - [FINE] - 0 (10, 17) wants to move RIGHT
21/09/2014 10:54:33.576 - ResponseLog] - [FINE] - MyPlayer responded with move MOVE_UP for turn 8
21/09/2014 10:54:33.577 - ResponseLog] - [FINE] - 1 (31, 10) wants to move UP
21/09/2014 10:54:33.710 - ResponseLog] - [FINE] - human responded with move SAME_DIRECTION for turn 9
21/09/2014 10:54:33.711 - ResponseLog] - [FINE] - 0 (11, 17) wants to move RIGHT
21/09/2014 10:54:33.712 - ResponseLog] - [FINE] - MyPlayer responded with move MOVE_UP for turn 9
21/09/2014 10:54:33.713 - ResponseLog] - [FINE] - 1 (31, 9) wants to move UP
21/09/2014 10:54:33.871 - ResponseLog] - [FINE] - human responded with move SAME_DIRECTION for turn 10
21/09/2014 10:54:33.872 - ResponseLog] - [FINE] - 0 (12, 17) wants to move RIGHT
21/09/2014 10:54:33.873 - ResponseLog] - [FINE] - MyPlayer responded with move MOVE_UP for turn 10
21/09/2014 10:54:33.873 - ResponseLog] - [FINE] - 1 (31, 8) wants to move UP
21/09/2014 10:54:34.004 - ResponseLog] - [FINE] - human responded with move SAME_DIRECTION for turn 11
21/09/2014 10:54:34.005 - ResponseLog] - [FINE] - 0 (13, 17) wants to move RIGHT
21/09/2014 10:54:34.005 - ResponseLog] - [FINE] - MyPlayer responded with move MOVE_UP for turn 11
21/09/2014 10:54:34.005 - ResponseLog] - [FINE] - 1 (31, 7) wants to move UP
21/09/2014 10:54:34.124 - ResponseLog] - [FINE] - human responded with move SAME_DIRECTION for turn 12
21/09/2014 10:54:34.125 - ResponseLog] - [FINE] - 0 (14, 17) wants to move RIGHT
21/09/2014 10:54:34.126 - ResponseLog] - [FINE] - MyPlayer responded with move MOVE_UP for turn 12
21/09/2014 10:54:34.126 - ResponseLog] - [FINE] - 1 (31, 6) wants to move UP
21/09/2014 10:54:34.246 - ResponseLog] - [FINE] - human responded with move SAME_DIRECTION for turn 13
21/09/2014 10:54:34.247 - ResponseLog] - [FINE] - 0 (15, 17) wants to move RIGHT
21/09/2014 10:54:34.248 - ResponseLog] - [FINE] - MyPlayer responded with move MOVE_UP for turn 13
21/09/2014 10:54:34.248 - ResponseLog] - [FINE] - 1 (31, 5) wants to move UP
21/09/2014 10:54:34.366 - ResponseLog] - [FINE] - human responded with move SAME_DIRECTION for turn 14
21/09/2014 10:54:34.367 - ResponseLog] - [FINE] - 0 (16, 17) wants to move RIGHT
21/09/2014 10:54:34.367 - ResponseLog] - [FINE] - MyPlayer responded with move MOVE_UP for turn 14
21/09/2014 10:54:34.368 - ResponseLog] - [FINE] - 1 (31, 4) wants to move UP
21/09/2014 10:54:34.484 - ResponseLog] - [FINE] - human responded with move SAME_DIRECTION for turn 15
21/09/2014 10:54:34.485 - ResponseLog] - [FINE] - 0 (17, 17) wants to move RIGHT
21/09/2014 10:54:34.486 - ResponseLog] - [FINE] - MyPlayer responded with move MOVE_UP for turn 15
21/09/2014 10:54:34.486 - ResponseLog] - [FINE] - 1 (31, 3) wants to move UP
21/09/2014 10:54:34.604 - ResponseLog] - [FINE] - human responded with move SAME_DIRECTION for turn 16
21/09/2014 10:54:34.605 - ResponseLog] - [FINE] - 0 (18, 17) wants to move RIGHT
21/09/2014 10:54:34.605 - ResponseLog] - [FINE] - MyPlayer responded with move MOVE_UP for turn 16
21/09/2014 10:54:34.606 - ResponseLog] - [FINE] - 1 (31, 2) wants to move UP
21/09/2014 10:54:34.721 - ResponseLog] - [FINE] - human responded with move SAME_DIRECTION for turn 17
21/09/2014 10:54:34.722 - ResponseLog] - [FINE] - 0 (19, 17) wants to move RIGHT
21/09/2014 10:54:34.722 - ResponseLog] - [FINE] - MyPlayer responded with move MOVE_LEFT for turn 17
21/09/2014 10:54:34.723 - ResponseLog] - [FINE] - 1 (31, 1) wants to move LEFT
21/09/2014 10:54:34.855 - ResponseLog] - [FINE] - Player MyPlayer did not respond on turn: 18
21/09/2014 10:54:34.856 - ResponseLog] - [FINE] - human responded with move SAME_DIRECTION for turn 18
21/09/2014 10:54:34.857 - ResponseLog] - [FINE] - 0 (20, 17) wants to move RIGHT
21/09/2014 10:54:34.856 - GameLog] - [FINE] - Player MyPlayer left
21/09/2014 10:54:34.857 - ResponseLog] - [FINE] - 1 responded with move TIMEOUT_SAME_DIRECTION for turn 17
21/09/2014 10:54:34.863 - ResponseLog] - [FINE] - 1 (30, 1) wants to move LEFT
21/09/2014 10:54:34.966 - ResponseLog] - [FINE] - Player MyPlayer did not respond on turn: 19
21/09/2014 10:54:34.966 - ResponseLog] - [FINE] - human responded with move SAME_DIRECTION for turn 19
21/09/2014 10:54:34.967 - ResponseLog] - [FINE] - 0 (21, 17) wants to move RIGHT
21/09/2014 10:54:34.968 - ResponseLog] - [FINE] - 1 responded with move TIMEOUT_SAME_DIRECTION for turn 17
21/09/2014 10:54:34.969 - ResponseLog] - [FINE] - 1 (29, 1) wants to move LEFT
21/09/2014 10:54:35.071 - ResponseLog] - [FINE] - Player MyPlayer did not respond on turn: 20
21/09/2014 10:54:35.071 - ResponseLog] - [FINE] - human responded with move SAME_DIRECTION for turn 20
21/09/2014 10:54:35.072 - ResponseLog] - [FINE] - 0 (22, 17) wants to move RIGHT
21/09/2014 10:54:35.072 - ResponseLog] - [FINE] - 1 responded with move TIMEOUT_SAME_DIRECTION for turn 17
21/09/2014 10:54:35.073 - ResponseLog] - [FINE] - 1 (28, 1) wants to move LEFT
21/09/2014 10:54:35.175 - ResponseLog] - [FINE] - Player MyPlayer did not respond on turn: 21
21/09/2014 10:54:35.176 - ResponseLog] - [FINE] - human responded with move SAME_DIRECTION for turn 21
21/09/2014 10:54:35.177 - ResponseLog] - [FINE] - 0 (23, 17) wants to move RIGHT
21/09/2014 10:54:35.177 - ResponseLog] - [FINE] - 1 responded with move TIMEOUT_SAME_DIRECTION for turn 17
21/09/2014 10:54:35.178 - ResponseLog] - [FINE] - 1 (27, 1) wants to move LEFT
21/09/2014 10:54:35.280 - ResponseLog] - [FINE] - Player MyPlayer did not respond on turn: 22
21/09/2014 10:54:35.281 - ResponseLog] - [FINE] - human responded with move SAME_DIRECTION for turn 22
21/09/2014 10:54:35.282 - ResponseLog] - [FINE] - 0 (24, 17) wants to move RIGHT
21/09/2014 10:54:35.282 - ResponseLog] - [FINE] - 1 responded with move TIMEOUT_SAME_DIRECTION for turn 17
21/09/2014 10:54:35.282 - ResponseLog] - [FINE] - 1 (26, 1) wants to move LEFT
21/09/2014 10:54:35.384 - ResponseLog] - [FINE] - Player MyPlayer did not respond on turn: 23
21/09/2014 10:54:35.385 - ResponseLog] - [FINE] - human responded with move SAME_DIRECTION for turn 23
21/09/2014 10:54:35.385 - ResponseLog] - [FINE] - 0 (25, 17) wants to move RIGHT
21/09/2014 10:54:35.385 - ResponseLog] - [FINE] - 1 responded with move TIMEOUT_SAME_DIRECTION for turn 17
21/09/2014 10:54:35.386 - ResponseLog] - [FINE] - 1 (25, 1) wants to move LEFT
21/09/2014 10:54:35.488 - ResponseLog] - [FINE] - Player MyPlayer did not respond on turn: 24
21/09/2014 10:54:35.488 - ResponseLog] - [FINE] - human responded with move SAME_DIRECTION for turn 24
21/09/2014 10:54:35.489 - ResponseLog] - [FINE] - 0 (26, 17) wants to move RIGHT
21/09/2014 10:54:35.489 - ResponseLog] - [FINE] - 1 responded with move TIMEOUT_SAME_DIRECTION for turn 17
21/09/2014 10:54:35.490 - ResponseLog] - [FINE] - 1 (24, 1) wants to move LEFT
21/09/2014 10:54:35.593 - ResponseLog] - [FINE] - Player MyPlayer did not respond on turn: 25
21/09/2014 10:54:35.594 - ResponseLog] - [FINE] - human responded with move SAME_DIRECTION for turn 25
21/09/2014 10:54:35.594 - ResponseLog] - [FINE] - 0 (27, 17) wants to move RIGHT
21/09/2014 10:54:35.595 - ResponseLog] - [FINE] - 1 responded with move TIMEOUT_SAME_DIRECTION for turn 17
21/09/2014 10:54:35.595 - ResponseLog] - [FINE] - 1 (23, 1) wants to move LEFT
21/09/2014 10:54:35.698 - ResponseLog] - [FINE] - Player MyPlayer did not respond on turn: 26
21/09/2014 10:54:35.699 - ResponseLog] - [FINE] - human responded with move SAME_DIRECTION for turn 26
21/09/2014 10:54:35.699 - ResponseLog] - [FINE] - 0 (28, 17) wants to move RIGHT
21/09/2014 10:54:35.700 - ResponseLog] - [FINE] - 1 responded with move TIMEOUT_SAME_DIRECTION for turn 17
21/09/2014 10:54:35.700 - ResponseLog] - [FINE] - 1 (22, 1) wants to move LEFT
21/09/2014 10:54:35.802 - ResponseLog] - [FINE] - Player MyPlayer did not respond on turn: 27
21/09/2014 10:54:35.802 - ResponseLog] - [FINE] - human responded with move SAME_DIRECTION for turn 27
21/09/2014 10:54:35.802 - ResponseLog] - [FINE] - 0 (29, 17) wants to move RIGHT
21/09/2014 10:54:35.803 - ResponseLog] - [FINE] - 1 responded with move TIMEOUT_SAME_DIRECTION for turn 17
21/09/2014 10:54:35.804 - ResponseLog] - [FINE] - 1 (21, 1) wants to move LEFT
21/09/2014 10:54:35.907 - ResponseLog] - [FINE] - Player MyPlayer did not respond on turn: 28
21/09/2014 10:54:35.907 - ResponseLog] - [FINE] - human responded with move SAME_DIRECTION for turn 28
21/09/2014 10:54:35.908 - ResponseLog] - [FINE] - 0 (30, 17) wants to move RIGHT
21/09/2014 10:54:35.908 - ResponseLog] - [FINE] - 1 responded with move TIMEOUT_SAME_DIRECTION for turn 17
21/09/2014 10:54:35.909 - ResponseLog] - [FINE] - 1 (20, 1) wants to move LEFT
21/09/2014 10:54:36.010 - ResponseLog] - [FINE] - Player MyPlayer did not respond on turn: 29
21/09/2014 10:54:36.011 - ResponseLog] - [FINE] - human responded with move SAME_DIRECTION for turn 29
21/09/2014 10:54:36.011 - ResponseLog] - [FINE] - 0 (31, 17) wants to move RIGHT
21/09/2014 10:54:36.012 - ResponseLog] - [FINE] - 1 responded with move TIMEOUT_SAME_DIRECTION for turn 17
21/09/2014 10:54:36.012 - ResponseLog] - [FINE] - 1 (19, 1) wants to move LEFT
21/09/2014 10:54:36.115 - ResponseLog] - [FINE] - Player MyPlayer did not respond on turn: 30
21/09/2014 10:54:36.116 - ResponseLog] - [FINE] - human responded with move SAME_DIRECTION for turn 30
21/09/2014 10:54:36.116 - ResponseLog] - [FINE] - 0 (31, 17) wants to move RIGHT
21/09/2014 10:54:36.117 - ResponseLog] - [FINE] - 1 responded with move TIMEOUT_SAME_DIRECTION for turn 17
21/09/2014 10:54:36.117 - ResponseLog] - [FINE] - 1 (18, 1) wants to move LEFT
21/09/2014 10:54:36.218 - ResponseLog] - [FINE] - Player MyPlayer did not respond on turn: 31
21/09/2014 10:54:36.219 - ResponseLog] - [FINE] - human responded with move SAME_DIRECTION for turn 31
21/09/2014 10:54:36.219 - ResponseLog] - [FINE] - 0 (31, 17) wants to move RIGHT
21/09/2014 10:54:36.219 - ResponseLog] - [FINE] - 1 responded with move TIMEOUT_SAME_DIRECTION for turn 17
21/09/2014 10:54:36.219 - ResponseLog] - [FINE] - 1 (17, 1) wants to move LEFT
21/09/2014 10:54:36.320 - ResponseLog] - [FINE] - Player MyPlayer did not respond on turn: 32
21/09/2014 10:54:36.321 - ResponseLog] - [FINE] - human responded with move SAME_DIRECTION for turn 32
21/09/2014 10:54:36.321 - ResponseLog] - [FINE] - 0 (31, 17) wants to move RIGHT
21/09/2014 10:54:36.321 - ResponseLog] - [FINE] - 1 responded with move TIMEOUT_SAME_DIRECTION for turn 17
21/09/2014 10:54:36.322 - ResponseLog] - [FINE] - 1 (16, 1) wants to move LEFT
21/09/2014 10:54:36.424 - ResponseLog] - [FINE] - Player MyPlayer did not respond on turn: 33
21/09/2014 10:54:36.425 - ResponseLog] - [FINE] - human responded with move SAME_DIRECTION for turn 33
21/09/2014 10:54:36.425 - ResponseLog] - [FINE] - 0 (31, 17) wants to move RIGHT
21/09/2014 10:54:36.425 - ResponseLog] - [FINE] - 1 responded with move TIMEOUT_SAME_DIRECTION for turn 17
21/09/2014 10:54:36.425 - ResponseLog] - [FINE] - 1 (15, 1) wants to move LEFT
21/09/2014 10:54:36.526 - ResponseLog] - [FINE] - Player MyPlayer did not respond on turn: 34
21/09/2014 10:54:36.527 - ResponseLog] - [FINE] - human responded with move SAME_DIRECTION for turn 34
21/09/2014 10:54:36.527 - ResponseLog] - [FINE] - 0 (31, 17) wants to move RIGHT
21/09/2014 10:54:36.528 - ResponseLog] - [FINE] - 1 responded with move TIMEOUT_SAME_DIRECTION for turn 17
21/09/2014 10:54:36.528 - ResponseLog] - [FINE] - 1 (14, 1) wants to move LEFT
21/09/2014 10:54:36.629 - ResponseLog] - [FINE] - Player MyPlayer did not respond on turn: 35
21/09/2014 10:54:36.630 - ResponseLog] - [FINE] - human responded with move SAME_DIRECTION for turn 35
21/09/2014 10:54:36.630 - ResponseLog] - [FINE] - 0 (31, 17) wants to move RIGHT
21/09/2014 10:54:36.632 - ResponseLog] - [FINE] - 1 responded with move TIMEOUT_SAME_DIRECTION for turn 17
21/09/2014 10:54:36.633 - ResponseLog] - [FINE] - 1 (13, 1) wants to move LEFT
21/09/2014 10:54:36.735 - ResponseLog] - [FINE] - Player MyPlayer did not respond on turn: 36
21/09/2014 10:54:36.735 - ResponseLog] - [FINE] - human responded with move SAME_DIRECTION for turn 36
21/09/2014 10:54:36.735 - ResponseLog] - [FINE] - 0 (31, 17) wants to move RIGHT
21/09/2014 10:54:36.735 - ResponseLog] - [FINE] - 1 responded with move TIMEOUT_SAME_DIRECTION for turn 17
21/09/2014 10:54:36.736 - ResponseLog] - [FINE] - 1 (12, 1) wants to move LEFT
21/09/2014 10:54:36.837 - ResponseLog] - [FINE] - Player MyPlayer did not respond on turn: 37
21/09/2014 10:54:36.838 - ResponseLog] - [FINE] - human responded with move SAME_DIRECTION for turn 37
21/09/2014 10:54:36.838 - ResponseLog] - [FINE] - 0 (31, 17) wants to move RIGHT
21/09/2014 10:54:36.839 - ResponseLog] - [FINE] - 1 responded with move TIMEOUT_SAME_DIRECTION for turn 17
21/09/2014 10:54:36.840 - ResponseLog] - [FINE] - 1 (11, 1) wants to move LEFT
21/09/2014 10:54:36.941 - ResponseLog] - [FINE] - Player MyPlayer did not respond on turn: 38
21/09/2014 10:54:36.942 - ResponseLog] - [FINE] - human responded with move SAME_DIRECTION for turn 38
21/09/2014 10:54:36.943 - ResponseLog] - [FINE] - 0 (31, 17) wants to move RIGHT
21/09/2014 10:54:36.943 - ResponseLog] - [FINE] - 1 responded with move TIMEOUT_SAME_DIRECTION for turn 17
21/09/2014 10:54:36.944 - ResponseLog] - [FINE] - 1 (10, 1) wants to move LEFT
21/09/2014 10:54:37.045 - ResponseLog] - [FINE] - Player MyPlayer did not respond on turn: 39
21/09/2014 10:54:37.046 - ResponseLog] - [FINE] - human responded with move SAME_DIRECTION for turn 39
21/09/2014 10:54:37.046 - ResponseLog] - [FINE] - 0 (31, 17) wants to move RIGHT
21/09/2014 10:54:37.047 - ResponseLog] - [FINE] - 1 responded with move TIMEOUT_SAME_DIRECTION for turn 17
21/09/2014 10:54:37.047 - ResponseLog] - [FINE] - 1 (9, 1) wants to move LEFT
21/09/2014 10:54:37.149 - ResponseLog] - [FINE] - Player MyPlayer did not respond on turn: 40
21/09/2014 10:54:37.151 - ResponseLog] - [FINE] - human responded with move SAME_DIRECTION for turn 40
21/09/2014 10:54:37.151 - ResponseLog] - [FINE] - 0 (31, 17) wants to move RIGHT
21/09/2014 10:54:37.151 - ResponseLog] - [FINE] - 1 responded with move TIMEOUT_SAME_DIRECTION for turn 17
21/09/2014 10:54:37.152 - ResponseLog] - [FINE] - 1 (8, 1) wants to move LEFT
21/09/2014 10:54:37.254 - ResponseLog] - [FINE] - Player MyPlayer did not respond on turn: 41
21/09/2014 10:54:37.255 - ResponseLog] - [FINE] - human responded with move SAME_DIRECTION for turn 41
21/09/2014 10:54:37.255 - ResponseLog] - [FINE] - 0 (31, 17) wants to move RIGHT
21/09/2014 10:54:37.255 - ResponseLog] - [FINE] - 1 responded with move TIMEOUT_SAME_DIRECTION for turn 17
21/09/2014 10:54:37.256 - ResponseLog] - [FINE] - 1 (7, 1) wants to move LEFT
21/09/2014 10:54:37.358 - ResponseLog] - [FINE] - Player MyPlayer did not respond on turn: 42
21/09/2014 10:54:37.359 - ResponseLog] - [FINE] - human responded with move SAME_DIRECTION for turn 42
21/09/2014 10:54:37.359 - ResponseLog] - [FINE] - 0 (31, 17) wants to move RIGHT
21/09/2014 10:54:37.360 - ResponseLog] - [FINE] - 1 responded with move TIMEOUT_SAME_DIRECTION for turn 17
21/09/2014 10:54:37.360 - ResponseLog] - [FINE] - 1 (6, 1) wants to move LEFT
21/09/2014 10:54:37.463 - ResponseLog] - [FINE] - Player MyPlayer did not respond on turn: 43
21/09/2014 10:54:37.464 - ResponseLog] - [FINE] - human responded with move SAME_DIRECTION for turn 43
21/09/2014 10:54:37.464 - ResponseLog] - [FINE] - 0 (31, 17) wants to move RIGHT
21/09/2014 10:54:37.464 - ResponseLog] - [FINE] - 1 responded with move TIMEOUT_SAME_DIRECTION for turn 17
21/09/2014 10:54:37.465 - ResponseLog] - [FINE] - 1 (5, 1) wants to move LEFT
21/09/2014 10:54:37.567 - ResponseLog] - [FINE] - Player MyPlayer did not respond on turn: 44
21/09/2014 10:54:37.568 - ResponseLog] - [FINE] - human responded with move SAME_DIRECTION for turn 44
21/09/2014 10:54:37.568 - ResponseLog] - [FINE] - 0 (31, 17) wants to move RIGHT
21/09/2014 10:54:37.569 - ResponseLog] - [FINE] - 1 responded with move TIMEOUT_SAME_DIRECTION for turn 17
21/09/2014 10:54:37.569 - ResponseLog] - [FINE] - 1 (4, 1) wants to move LEFT
21/09/2014 10:54:37.671 - ResponseLog] - [FINE] - Player MyPlayer did not respond on turn: 45
21/09/2014 10:54:37.672 - ResponseLog] - [FINE] - human responded with move SAME_DIRECTION for turn 45
21/09/2014 10:54:37.672 - ResponseLog] - [FINE] - 0 (31, 17) wants to move RIGHT
21/09/2014 10:54:37.672 - ResponseLog] - [FINE] - 1 responded with move TIMEOUT_SAME_DIRECTION for turn 17
21/09/2014 10:54:37.672 - ResponseLog] - [FINE] - 1 (3, 1) wants to move LEFT
21/09/2014 10:54:37.775 - ResponseLog] - [FINE] - Player MyPlayer did not respond on turn: 46
21/09/2014 10:54:37.775 - ResponseLog] - [FINE] - human responded with move SAME_DIRECTION for turn 46
21/09/2014 10:54:37.776 - ResponseLog] - [FINE] - 0 (31, 17) wants to move RIGHT
21/09/2014 10:54:37.776 - ResponseLog] - [FINE] - 1 responded with move TIMEOUT_SAME_DIRECTION for turn 17
21/09/2014 10:54:37.776 - ResponseLog] - [FINE] - 1 (2, 1) wants to move LEFT
21/09/2014 10:54:37.877 - ResponseLog] - [FINE] - Player MyPlayer did not respond on turn: 47
21/09/2014 10:54:37.878 - ResponseLog] - [FINE] - human responded with move SAME_DIRECTION for turn 47
21/09/2014 10:54:37.878 - ResponseLog] - [FINE] - 0 (31, 17) wants to move RIGHT
21/09/2014 10:54:37.878 - ResponseLog] - [FINE] - 1 responded with move TIMEOUT_SAME_DIRECTION for turn 17
21/09/2014 10:54:37.878 - ResponseLog] - [FINE] - 1 (1, 1) wants to move LEFT
